{
  "RSpec": {
    "coverage": {
      "/home/samuel/desafiosTecnicos/delivery_back/app/models/user.rb": {
        "lines": [
          1,
          1,
          1,
          1,
          1,
          1,
          1,
          1,
          1,
          1,
          1,
          null,
          1,
          null,
          null,
          1,
          null,
          1,
          27,
          null,
          null,
          1,
          73,
          73,
          null,
          73,
          null,
          null,
          null,
          73,
          null,
          null,
          null,
          null,
          null,
          null,
          1,
          74,
          74,
          null,
          null,
          74,
          null,
          0,
          null,
          null,
          1,
          2,
          null,
          null,
          1,
          null,
          1,
          3,
          0,
          0,
          null,
          null,
          null,
          1,
          3,
          3,
          null,
          null
        ]
      },
      "/home/samuel/desafiosTecnicos/delivery_back/app/models/application_record.rb": {
        "lines": [
          1,
          1,
          null
        ]
      },
      "/home/samuel/desafiosTecnicos/delivery_back/app/helpers/application_helper.rb": {
        "lines": [
          1,
          null
        ]
      },
      "/home/samuel/desafiosTecnicos/delivery_back/app/helpers/products_helper.rb": {
        "lines": [
          1,
          null
        ]
      },
      "/home/samuel/desafiosTecnicos/delivery_back/app/helpers/stores_helper.rb": {
        "lines": [
          1,
          null
        ]
      },
      "/home/samuel/desafiosTecnicos/delivery_back/app/channels/chat_channel.rb": {
        "lines": [
          1,
          1,
          4,
          4,
          4,
          4,
          null,
          null,
          null,
          1,
          1,
          null,
          null,
          1,
          null,
          2,
          null,
          null,
          null,
          2,
          2,
          null,
          null
        ]
      },
      "/home/samuel/desafiosTecnicos/delivery_back/app/channels/application_cable/channel.rb": {
        "lines": [
          1,
          1,
          null,
          null
        ]
      },
      "/home/samuel/desafiosTecnicos/delivery_back/app/jobs/payment_job.rb": {
        "lines": [
          1,
          1,
          null,
          1,
          6,
          6,
          6,
          5,
          3,
          null,
          2,
          null,
          null,
          0,
          0,
          null,
          null,
          1,
          null,
          1,
          6,
          null,
          null,
          1,
          6,
          null,
          null,
          null,
          null,
          null,
          null,
          null,
          null,
          null
        ]
      },
      "/home/samuel/desafiosTecnicos/delivery_back/app/jobs/application_job.rb": {
        "lines": [
          1,
          null,
          null,
          null,
          null,
          null,
          null
        ]
      },
      "/home/samuel/desafiosTecnicos/delivery_back/app/models/credential.rb": {
        "lines": [
          1,
          1,
          null,
          1,
          80,
          79,
          null,
          null,
          null
        ]
      },
      "/home/samuel/desafiosTecnicos/delivery_back/app/models/message.rb": {
        "lines": [
          1,
          1,
          1,
          1,
          1,
          null
        ]
      },
      "/home/samuel/desafiosTecnicos/delivery_back/app/models/order_item.rb": {
        "lines": [
          1,
          1,
          1,
          1,
          null,
          1,
          null,
          1,
          63,
          1,
          null,
          null,
          null,
          null,
          null,
          null,
          null
        ]
      },
      "/home/samuel/desafiosTecnicos/delivery_back/app/models/order.rb": {
        "lines": [
          1,
          1,
          1,
          1,
          1,
          1,
          1,
          1,
          1,
          null,
          1,
          1,
          1,
          null,
          null,
          1,
          1,
          null,
          null,
          1,
          1,
          null,
          null,
          1,
          1,
          null,
          null,
          1,
          1,
          null,
          null,
          1,
          1,
          null,
          null,
          1,
          1,
          null,
          null,
          1,
          1,
          null,
          null,
          1,
          1,
          null,
          null,
          null,
          1,
          1,
          null,
          null,
          1,
          null,
          1,
          227,
          2,
          null,
          null,
          null,
          null
        ]
      },
      "/home/samuel/desafiosTecnicos/delivery_back/app/models/product.rb": {
        "lines": [
          1,
          1,
          1,
          1,
          1,
          1,
          1,
          1,
          1,
          1,
          1,
          null,
          null,
          1,
          null,
          1,
          0,
          null,
          null,
          null,
          null
        ]
      },
      "/home/samuel/desafiosTecnicos/delivery_back/app/models/store.rb": {
        "lines": [
          1,
          1,
          1,
          1,
          1,
          1,
          1,
          1,
          1,
          1,
          null,
          1,
          1,
          null,
          1,
          null,
          1,
          397,
          null,
          null,
          1,
          4,
          null,
          null,
          1,
          0,
          null,
          null,
          null
        ]
      },
      "/home/samuel/desafiosTecnicos/delivery_back/app/controllers/stores_controller.rb": {
        "lines": [
          1,
          1,
          1,
          1,
          1,
          1,
          null,
          1,
          3,
          1,
          0,
          0,
          0,
          0,
          0,
          0,
          null,
          1,
          null,
          null,
          2,
          null,
          null,
          null,
          1,
          0,
          0,
          0,
          0,
          0,
          0,
          null,
          0,
          0,
          0,
          0,
          0,
          0,
          0,
          0,
          null,
          null,
          0,
          null,
          0,
          0,
          null,
          null,
          null,
          null,
          0,
          null,
          null,
          1,
          0,
          0,
          0,
          0,
          0,
          null,
          null,
          1,
          1,
          1,
          0,
          null,
          null,
          null,
          1,
          null,
          null,
          1,
          null,
          null,
          1,
          7,
          7,
          6,
          null,
          null,
          7,
          7,
          7,
          5,
          null,
          5,
          4,
          null,
          null,
          null,
          null,
          1,
          4,
          4,
          5,
          4,
          null,
          2,
          1,
          null,
          null,
          null,
          null,
          1,
          3,
          3,
          5,
          4,
          null,
          null,
          null,
          1,
          0,
          0,
          0,
          0,
          null,
          0,
          0,
          null,
          null,
          null,
          1,
          0,
          0,
          0,
          0,
          0,
          null,
          null,
          null,
          1,
          null,
          1,
          15,
          12,
          0,
          0,
          0,
          null,
          null,
          null,
          null,
          1,
          11,
          11,
          null,
          11,
          1,
          null,
          null,
          10,
          null,
          null,
          null,
          null,
          null,
          1,
          0,
          null,
          null,
          null
        ]
      },
      "/home/samuel/desafiosTecnicos/delivery_back/app/controllers/application_controller.rb": {
        "lines": [
          1,
          1,
          1,
          null,
          1,
          65,
          35,
          null,
          30,
          null,
          null,
          null,
          1,
          99,
          74,
          null,
          25,
          null,
          null,
          null,
          1,
          83,
          83,
          null,
          null,
          1,
          null,
          1,
          178,
          null,
          null,
          1,
          63,
          0,
          null,
          null,
          null,
          1,
          148,
          74,
          null,
          0,
          null,
          null,
          null,
          1,
          6,
          0,
          null,
          null,
          null,
          1,
          8,
          null,
          null,
          1,
          0,
          null,
          null,
          1,
          null,
          1,
          10,
          0,
          null,
          10,
          null,
          null,
          null,
          1,
          0,
          0,
          null,
          null,
          null
        ]
      },
      "/home/samuel/desafiosTecnicos/delivery_back/app/controllers/registrations_controller.rb": {
        "lines": [
          1,
          1,
          1,
          1,
          null,
          1,
          0,
          null,
          null,
          1,
          1,
          1,
          1,
          1,
          null,
          0,
          null,
          null,
          null,
          1,
          0,
          null,
          null,
          1,
          0,
          0,
          0,
          0,
          null,
          0,
          null,
          null,
          0,
          0,
          null,
          0,
          null,
          null,
          null,
          null,
          null,
          1,
          74,
          74,
          74,
          2,
          null,
          72,
          72,
          72,
          null,
          null,
          null,
          1,
          2,
          2,
          1,
          1,
          1,
          null,
          1,
          null,
          null,
          null,
          1,
          3,
          3,
          3,
          3,
          2,
          null,
          1,
          null,
          null,
          0,
          0,
          0,
          null,
          0,
          null,
          null,
          null,
          null,
          1,
          1,
          1,
          1,
          1,
          null,
          0,
          null,
          null,
          0,
          0,
          null,
          0,
          0,
          null,
          null,
          null,
          null,
          1,
          0,
          null,
          null,
          1,
          null,
          1,
          3,
          null,
          null,
          null,
          null,
          null,
          1,
          0,
          null,
          null,
          null,
          1,
          146,
          null,
          null,
          null,
          null,
          1,
          0,
          null,
          null,
          null,
          1,
          0,
          null,
          null,
          1,
          0,
          0,
          null,
          0,
          null,
          0,
          null,
          null
        ]
      },
      "/home/samuel/desafiosTecnicos/delivery_back/app/models/refresh_token.rb": {
        "lines": [
          1,
          1,
          1,
          null,
          1,
          null,
          1,
          73,
          null,
          null,
          null
        ]
      },
      "/home/samuel/desafiosTecnicos/delivery_back/app/controllers/analysis_controller.rb": {
        "lines": [
          1,
          null,
          1,
          1,
          null,
          1,
          0,
          null,
          0,
          0,
          0,
          null,
          0,
          0,
          0,
          0,
          0,
          null,
          null,
          0,
          null,
          0,
          0,
          null,
          0,
          null,
          null,
          null,
          1,
          2,
          2,
          2,
          1,
          1,
          null,
          2,
          1,
          null,
          null,
          1,
          2,
          2,
          2,
          1,
          1,
          null,
          1,
          null,
          null,
          1,
          2,
          2,
          2,
          1,
          1,
          null,
          1,
          null,
          null,
          1,
          2,
          2,
          2,
          1,
          1,
          null,
          1,
          null,
          null,
          1,
          null,
          1,
          0,
          null,
          null,
          null,
          null,
          null,
          null,
          null,
          null,
          null,
          null,
          null,
          null,
          null,
          null,
          null,
          null,
          null,
          null,
          null,
          null,
          null,
          null,
          null,
          null,
          null,
          null,
          null,
          null,
          null,
          null,
          null
        ]
      },
      "/home/samuel/desafiosTecnicos/delivery_back/app/models/analysis.rb": {
        "lines": [
          1,
          1,
          0,
          0,
          null,
          null,
          null,
          null,
          null,
          null,
          null,
          null,
          null,
          null,
          null,
          null,
          null,
          null,
          null,
          null,
          null,
          null,
          null,
          null,
          null,
          1,
          2,
          2,
          null,
          null,
          null,
          null,
          null,
          null,
          null,
          null,
          null,
          null,
          null,
          null,
          null,
          null,
          null,
          null,
          null,
          1,
          2,
          null,
          null,
          1,
          2,
          null,
          null,
          1,
          2,
          null,
          null,
          null
        ]
      },
      "/home/samuel/desafiosTecnicos/delivery_back/app/controllers/orders_controller.rb": {
        "lines": [
          1,
          1,
          1,
          1,
          1,
          1,
          1,
          1,
          null,
          1,
          2,
          2,
          2,
          2,
          2,
          null,
          0,
          0,
          null,
          null,
          0,
          null,
          null,
          null,
          1,
          0,
          0,
          0,
          0,
          0,
          null,
          null,
          1,
          3,
          3,
          2,
          2,
          2,
          null,
          0,
          null,
          null,
          0,
          null,
          0,
          0,
          0,
          null,
          0,
          0,
          null,
          null,
          null,
          null,
          1,
          0,
          null,
          null,
          null,
          null,
          null,
          null,
          0,
          null,
          null,
          1,
          0,
          0,
          null,
          0,
          0,
          0,
          0,
          null,
          0,
          0,
          0,
          null,
          0,
          null,
          null,
          null,
          0,
          0,
          null,
          0,
          null,
          null,
          null,
          1,
          2,
          2,
          2,
          2,
          2,
          2,
          2,
          null,
          0,
          null,
          null,
          null,
          null,
          1,
          0,
          0,
          null,
          null,
          1,
          3,
          null,
          3,
          3,
          null,
          0,
          0,
          null,
          null,
          0,
          null,
          null,
          1,
          6,
          6,
          6,
          null,
          0,
          null,
          null,
          0,
          0,
          0,
          null,
          null,
          null,
          1,
          4,
          4,
          4,
          null,
          0,
          null,
          null,
          0,
          0,
          null,
          null,
          null,
          1,
          4,
          4,
          4,
          null,
          0,
          null,
          null,
          0,
          0,
          null,
          null,
          null,
          1,
          4,
          4,
          4,
          null,
          0,
          null,
          null,
          0,
          0,
          null,
          null,
          null,
          1,
          3,
          3,
          3,
          null,
          0,
          0,
          null,
          null,
          null,
          1,
          3,
          3,
          3,
          null,
          0,
          0,
          null,
          null,
          null,
          1,
          null,
          1,
          0,
          null,
          null,
          1,
          3,
          null,
          null,
          1,
          12,
          null,
          null,
          1,
          2,
          2,
          null,
          2,
          null,
          null,
          null,
          2,
          null,
          null,
          null,
          null,
          null,
          null,
          null,
          null,
          null,
          1,
          4,
          null,
          null,
          1,
          4,
          null,
          null,
          1,
          54,
          null,
          null,
          1,
          43,
          null,
          null,
          1,
          2,
          null,
          null,
          null,
          null,
          null,
          1,
          0,
          null,
          null,
          0,
          0,
          0,
          null,
          null,
          0,
          0,
          null,
          0,
          null,
          null,
          0,
          null,
          null,
          1,
          0,
          0,
          0,
          null,
          null,
          null
        ]
      },
      "/home/samuel/desafiosTecnicos/delivery_back/app/controllers/products_controller.rb": {
        "lines": [
          1,
          1,
          1,
          1,
          1,
          1,
          1,
          null,
          1,
          1,
          1,
          1,
          1,
          0,
          null,
          null,
          null,
          1,
          null,
          1,
          1,
          1,
          0,
          1,
          0,
          null,
          1,
          null,
          1,
          null,
          0,
          null,
          null,
          null,
          null,
          1,
          0,
          null,
          null,
          1,
          3,
          0,
          0,
          0,
          null,
          0,
          null,
          null,
          3,
          3,
          null,
          0,
          null,
          null,
          null,
          null,
          1,
          0,
          0,
          0,
          null,
          0,
          0,
          0,
          null,
          null,
          1,
          4,
          4,
          null,
          4,
          4,
          3,
          3,
          null,
          3,
          3,
          null,
          null,
          null,
          null,
          1,
          null,
          null,
          1,
          null,
          null,
          1,
          4,
          3,
          3,
          3,
          3,
          null,
          2,
          1,
          null,
          null,
          null,
          null,
          1,
          2,
          2,
          2,
          3,
          3,
          null,
          null,
          null,
          1,
          0,
          0,
          0,
          0,
          null,
          0,
          0,
          null,
          null,
          null,
          1,
          null,
          1,
          8,
          null,
          null,
          1,
          7,
          null,
          null,
          null,
          null,
          1,
          1,
          1,
          1,
          1,
          0,
          null,
          null,
          1,
          1,
          null,
          null,
          null,
          null,
          null,
          null,
          1,
          0,
          null,
          null,
          null
        ]
      },
      "/home/samuel/desafiosTecnicos/delivery_back/app/models/address.rb": {
        "lines": [
          1,
          1,
          null,
          1,
          null,
          1,
          null,
          1,
          0,
          0,
          null,
          null,
          1,
          0,
          null,
          0,
          null,
          null,
          null,
          null,
          null,
          null,
          null
        ]
      },
      "/home/samuel/desafiosTecnicos/delivery_back/app/controllers/welcome_controller.rb": {
        "lines": [
          1,
          1,
          null,
          null
        ]
      },
      "/home/samuel/desafiosTecnicos/delivery_back/app/channels/application_cable/connection.rb": {
        "lines": [
          0,
          0,
          0,
          0
        ],
        "branches": {
        }
      },
      "/home/samuel/desafiosTecnicos/delivery_back/app/controllers/credentials_controller.rb": {
        "lines": [
          0,
          0,
          0,
          0,
          null,
          0,
          0,
          0,
          0,
          null,
          0,
          0,
          0,
          0,
          0,
          0,
          0,
          0,
          0,
          0,
          0,
          0,
          0,
          null,
          0,
          0,
          0,
          0,
          0,
          0,
          0,
          0,
          0,
          null,
          0,
          0,
          0,
          0,
          null,
          0,
          null,
          0,
          0,
          0,
          null,
          0,
          0,
          0,
          null,
          0,
          0,
          0,
          0,
          0,
          0,
          null,
          0
        ],
        "branches": {
        }
      },
      "/home/samuel/desafiosTecnicos/delivery_back/app/controllers/passwords_controller.rb": {
        "lines": [
          0,
          0,
          null,
          0,
          0,
          0,
          0,
          0,
          null,
          0,
          0,
          null,
          0,
          0,
          0,
          null,
          0,
          0,
          0,
          null,
          0,
          null,
          0,
          0,
          0,
          null,
          0,
          0,
          0,
          0
        ],
        "branches": {
        }
      },
      "/home/samuel/desafiosTecnicos/delivery_back/app/mailers/application_mailer.rb": {
        "lines": [
          0,
          0,
          0,
          0
        ],
        "branches": {
        }
      }
    },
    "timestamp": 1725385911
  }
}
